<?xml version="1.0" encoding="UTF-8"?>
<coverage generated="1730133210603" clover="3.2.0">
  <project timestamp="1730133210603" name="All files">
    <metrics statements="581" coveredstatements="505" conditionals="49" coveredconditionals="35" methods="10" coveredmethods="10" elements="640" coveredelements="550" complexity="0" loc="581" ncloc="581" packages="7" files="10" classes="10"/>
    <package name="Express">
      <metrics statements="25" coveredstatements="22" conditionals="2" coveredconditionals="1" methods="0" coveredmethods="0"/>
      <file name="index.js" path="/home/medatta0/Documents/Codes/Express/index.js">
        <metrics statements="25" coveredstatements="22" conditionals="2" coveredconditionals="1" methods="0" coveredmethods="0"/>
        <line num="1" count="1" type="stmt"/>
        <line num="2" count="1" type="stmt"/>
        <line num="3" count="1" type="stmt"/>
        <line num="4" count="1" type="stmt"/>
        <line num="5" count="1" type="stmt"/>
        <line num="6" count="1" type="stmt"/>
        <line num="7" count="1" type="stmt"/>
        <line num="8" count="1" type="stmt"/>
        <line num="9" count="1" type="stmt"/>
        <line num="10" count="1" type="stmt"/>
        <line num="11" count="1" type="stmt"/>
        <line num="12" count="1" type="stmt"/>
        <line num="13" count="1" type="stmt"/>
        <line num="14" count="1" type="stmt"/>
        <line num="15" count="0" type="stmt"/>
        <line num="16" count="1" type="stmt"/>
        <line num="17" count="1" type="stmt"/>
        <line num="18" count="1" type="cond" truecount="1" falsecount="0"/>
        <line num="19" count="1" type="cond" truecount="0" falsecount="1"/>
        <line num="20" count="0" type="stmt"/>
        <line num="21" count="0" type="stmt"/>
        <line num="22" count="1" type="stmt"/>
        <line num="23" count="1" type="stmt"/>
        <line num="24" count="1" type="stmt"/>
        <line num="25" count="1" type="stmt"/>
      </file>
    </package>
    <package name="Express.controllers">
      <metrics statements="188" coveredstatements="142" conditionals="20" coveredconditionals="12" methods="6" coveredmethods="6"/>
      <file name="todosController.js" path="/home/medatta0/Documents/Codes/Express/controllers/todosController.js">
        <metrics statements="188" coveredstatements="142" conditionals="20" coveredconditionals="12" methods="6" coveredmethods="6"/>
        <line num="1" count="1" type="stmt"/>
        <line num="2" count="1" type="stmt"/>
        <line num="3" count="1" type="stmt"/>
        <line num="4" count="1" type="cond" truecount="1" falsecount="0"/>
        <line num="5" count="1" type="stmt"/>
        <line num="6" count="1" type="stmt"/>
        <line num="7" count="1" type="stmt"/>
        <line num="8" count="1" type="stmt"/>
        <line num="9" count="1" type="stmt"/>
        <line num="10" count="1" type="stmt"/>
        <line num="11" count="1" type="cond" truecount="0" falsecount="1"/>
        <line num="12" count="0" type="stmt"/>
        <line num="13" count="0" type="stmt"/>
        <line num="14" count="0" type="stmt"/>
        <line num="15" count="0" type="stmt"/>
        <line num="16" count="0" type="stmt"/>
        <line num="17" count="1" type="stmt"/>
        <line num="18" count="1" type="stmt"/>
        <line num="19" count="1" type="stmt"/>
        <line num="20" count="1" type="stmt"/>
        <line num="21" count="1" type="stmt"/>
        <line num="22" count="1" type="stmt"/>
        <line num="23" count="1" type="stmt"/>
        <line num="24" count="1" type="cond" truecount="0" falsecount="1"/>
        <line num="25" count="0" type="stmt"/>
        <line num="26" count="0" type="stmt"/>
        <line num="27" count="0" type="stmt"/>
        <line num="28" count="0" type="stmt"/>
        <line num="29" count="0" type="stmt"/>
        <line num="30" count="0" type="stmt"/>
        <line num="31" count="1" type="stmt"/>
        <line num="32" count="1" type="stmt"/>
        <line num="33" count="1" type="cond" truecount="1" falsecount="0"/>
        <line num="34" count="1" type="stmt"/>
        <line num="35" count="1" type="stmt"/>
        <line num="36" count="1" type="stmt"/>
        <line num="37" count="1" type="stmt"/>
        <line num="38" count="1" type="stmt"/>
        <line num="39" count="1" type="cond" truecount="0" falsecount="1"/>
        <line num="40" count="0" type="stmt"/>
        <line num="41" count="0" type="stmt"/>
        <line num="42" count="0" type="stmt"/>
        <line num="43" count="0" type="stmt"/>
        <line num="44" count="0" type="stmt"/>
        <line num="45" count="1" type="stmt"/>
        <line num="46" count="1" type="stmt"/>
        <line num="47" count="1" type="stmt"/>
        <line num="48" count="1" type="stmt"/>
        <line num="49" count="1" type="stmt"/>
        <line num="50" count="1" type="stmt"/>
        <line num="51" count="1" type="stmt"/>
        <line num="52" count="1" type="stmt"/>
        <line num="53" count="1" type="cond" truecount="0" falsecount="1"/>
        <line num="54" count="0" type="stmt"/>
        <line num="55" count="0" type="stmt"/>
        <line num="56" count="0" type="stmt"/>
        <line num="57" count="0" type="stmt"/>
        <line num="58" count="0" type="stmt"/>
        <line num="59" count="0" type="stmt"/>
        <line num="60" count="1" type="stmt"/>
        <line num="61" count="1" type="stmt"/>
        <line num="62" count="1" type="cond" truecount="1" falsecount="0"/>
        <line num="63" count="99" type="stmt"/>
        <line num="64" count="99" type="stmt"/>
        <line num="65" count="99" type="stmt"/>
        <line num="66" count="99" type="stmt"/>
        <line num="67" count="99" type="cond" truecount="1" falsecount="0"/>
        <line num="68" count="72" type="stmt"/>
        <line num="69" count="72" type="stmt"/>
        <line num="70" count="72" type="stmt"/>
        <line num="71" count="72" type="stmt"/>
        <line num="72" count="72" type="stmt"/>
        <line num="73" count="99" type="cond" truecount="1" falsecount="0"/>
        <line num="74" count="27" type="stmt"/>
        <line num="75" count="27" type="stmt"/>
        <line num="76" count="27" type="stmt"/>
        <line num="77" count="27" type="stmt"/>
        <line num="78" count="27" type="stmt"/>
        <line num="79" count="27" type="stmt"/>
        <line num="80" count="27" type="stmt"/>
        <line num="81" count="27" type="stmt"/>
        <line num="82" count="27" type="stmt"/>
        <line num="83" count="99" type="cond" truecount="0" falsecount="1"/>
        <line num="84" count="0" type="stmt"/>
        <line num="85" count="0" type="stmt"/>
        <line num="86" count="0" type="stmt"/>
        <line num="87" count="0" type="stmt"/>
        <line num="88" count="0" type="stmt"/>
        <line num="89" count="0" type="stmt"/>
        <line num="90" count="99" type="stmt"/>
        <line num="91" count="1" type="stmt"/>
        <line num="92" count="1" type="cond" truecount="1" falsecount="0"/>
        <line num="93" count="23" type="stmt"/>
        <line num="94" count="23" type="stmt"/>
        <line num="95" count="23" type="stmt"/>
        <line num="96" count="23" type="stmt"/>
        <line num="97" count="23" type="stmt"/>
        <line num="98" count="23" type="stmt"/>
        <line num="99" count="23" type="stmt"/>
        <line num="100" count="23" type="stmt"/>
        <line num="101" count="23" type="stmt"/>
        <line num="102" count="23" type="stmt"/>
        <line num="103" count="23" type="stmt"/>
        <line num="104" count="23" type="stmt"/>
        <line num="105" count="23" type="stmt"/>
        <line num="106" count="23" type="stmt"/>
        <line num="107" count="23" type="stmt"/>
        <line num="108" count="23" type="stmt"/>
        <line num="109" count="23" type="stmt"/>
        <line num="110" count="23" type="stmt"/>
        <line num="111" count="23" type="stmt"/>
        <line num="112" count="23" type="cond" truecount="0" falsecount="1"/>
        <line num="113" count="0" type="stmt"/>
        <line num="114" count="0" type="stmt"/>
        <line num="115" count="0" type="stmt"/>
        <line num="116" count="0" type="stmt"/>
        <line num="117" count="0" type="stmt"/>
        <line num="118" count="0" type="stmt"/>
        <line num="119" count="23" type="stmt"/>
        <line num="120" count="1" type="stmt"/>
        <line num="121" count="1" type="cond" truecount="1" falsecount="0"/>
        <line num="122" count="68" type="stmt"/>
        <line num="123" count="68" type="stmt"/>
        <line num="124" count="68" type="stmt"/>
        <line num="125" count="68" type="stmt"/>
        <line num="126" count="68" type="stmt"/>
        <line num="127" count="68" type="stmt"/>
        <line num="128" count="68" type="cond" truecount="1" falsecount="0"/>
        <line num="129" count="51" type="stmt"/>
        <line num="130" count="51" type="stmt"/>
        <line num="131" count="51" type="stmt"/>
        <line num="132" count="51" type="stmt"/>
        <line num="133" count="51" type="stmt"/>
        <line num="134" count="51" type="stmt"/>
        <line num="135" count="68" type="cond" truecount="1" falsecount="0"/>
        <line num="136" count="17" type="stmt"/>
        <line num="137" count="17" type="stmt"/>
        <line num="138" count="17" type="stmt"/>
        <line num="139" count="17" type="stmt"/>
        <line num="140" count="17" type="stmt"/>
        <line num="141" count="17" type="stmt"/>
        <line num="142" count="17" type="stmt"/>
        <line num="143" count="17" type="stmt"/>
        <line num="144" count="17" type="stmt"/>
        <line num="145" count="17" type="stmt"/>
        <line num="146" count="17" type="stmt"/>
        <line num="147" count="17" type="stmt"/>
        <line num="148" count="17" type="stmt"/>
        <line num="149" count="17" type="stmt"/>
        <line num="150" count="68" type="cond" truecount="0" falsecount="1"/>
        <line num="151" count="0" type="stmt"/>
        <line num="152" count="0" type="stmt"/>
        <line num="153" count="0" type="stmt"/>
        <line num="154" count="0" type="stmt"/>
        <line num="155" count="0" type="stmt"/>
        <line num="156" count="0" type="stmt"/>
        <line num="157" count="68" type="stmt"/>
        <line num="158" count="1" type="stmt"/>
        <line num="159" count="1" type="cond" truecount="1" falsecount="0"/>
        <line num="160" count="99" type="stmt"/>
        <line num="161" count="99" type="stmt"/>
        <line num="162" count="99" type="stmt"/>
        <line num="163" count="99" type="stmt"/>
        <line num="164" count="99" type="cond" truecount="1" falsecount="0"/>
        <line num="165" count="72" type="stmt"/>
        <line num="166" count="72" type="stmt"/>
        <line num="167" count="72" type="stmt"/>
        <line num="168" count="72" type="stmt"/>
        <line num="169" count="72" type="stmt"/>
        <line num="170" count="72" type="stmt"/>
        <line num="171" count="99" type="cond" truecount="1" falsecount="0"/>
        <line num="172" count="27" type="stmt"/>
        <line num="173" count="27" type="stmt"/>
        <line num="174" count="27" type="stmt"/>
        <line num="175" count="27" type="stmt"/>
        <line num="176" count="27" type="stmt"/>
        <line num="177" count="27" type="stmt"/>
        <line num="178" count="27" type="stmt"/>
        <line num="179" count="27" type="stmt"/>
        <line num="180" count="27" type="stmt"/>
        <line num="181" count="99" type="cond" truecount="0" falsecount="1"/>
        <line num="182" count="0" type="stmt"/>
        <line num="183" count="0" type="stmt"/>
        <line num="184" count="0" type="stmt"/>
        <line num="185" count="0" type="stmt"/>
        <line num="186" count="0" type="stmt"/>
        <line num="187" count="0" type="stmt"/>
        <line num="188" count="99" type="stmt"/>
      </file>
    </package>
    <package name="Express.db">
      <metrics statements="76" coveredstatements="76" conditionals="0" coveredconditionals="0" methods="0" coveredmethods="0"/>
      <file name="db_connect.js" path="/home/medatta0/Documents/Codes/Express/db/db_connect.js">
        <metrics statements="76" coveredstatements="76" conditionals="0" coveredconditionals="0" methods="0" coveredmethods="0"/>
        <line num="1" count="1" type="stmt"/>
        <line num="2" count="1" type="stmt"/>
        <line num="3" count="1" type="stmt"/>
        <line num="4" count="1" type="stmt"/>
        <line num="5" count="1" type="stmt"/>
        <line num="6" count="1" type="stmt"/>
        <line num="7" count="1" type="stmt"/>
        <line num="8" count="1" type="stmt"/>
        <line num="9" count="1" type="stmt"/>
        <line num="10" count="1" type="stmt"/>
        <line num="11" count="1" type="stmt"/>
        <line num="12" count="1" type="stmt"/>
        <line num="13" count="1" type="stmt"/>
        <line num="14" count="1" type="stmt"/>
        <line num="15" count="1" type="stmt"/>
        <line num="16" count="1" type="stmt"/>
        <line num="17" count="1" type="stmt"/>
        <line num="18" count="1" type="stmt"/>
        <line num="19" count="1" type="stmt"/>
        <line num="20" count="1" type="stmt"/>
        <line num="21" count="1" type="stmt"/>
        <line num="22" count="1" type="stmt"/>
        <line num="23" count="1" type="stmt"/>
        <line num="24" count="1" type="stmt"/>
        <line num="25" count="1" type="stmt"/>
        <line num="26" count="1" type="stmt"/>
        <line num="27" count="1" type="stmt"/>
        <line num="28" count="1" type="stmt"/>
        <line num="29" count="1" type="stmt"/>
        <line num="30" count="1" type="stmt"/>
        <line num="31" count="1" type="stmt"/>
        <line num="32" count="1" type="stmt"/>
        <line num="33" count="1" type="stmt"/>
        <line num="34" count="1" type="stmt"/>
        <line num="35" count="1" type="stmt"/>
        <line num="36" count="1" type="stmt"/>
        <line num="37" count="1" type="stmt"/>
        <line num="38" count="1" type="stmt"/>
        <line num="39" count="1" type="stmt"/>
        <line num="40" count="1" type="stmt"/>
        <line num="41" count="1" type="stmt"/>
        <line num="42" count="1" type="stmt"/>
        <line num="43" count="1" type="stmt"/>
        <line num="44" count="1" type="stmt"/>
        <line num="45" count="1" type="stmt"/>
        <line num="46" count="1" type="stmt"/>
        <line num="47" count="1" type="stmt"/>
        <line num="48" count="1" type="stmt"/>
        <line num="49" count="1" type="stmt"/>
        <line num="50" count="1" type="stmt"/>
        <line num="51" count="1" type="stmt"/>
        <line num="52" count="1" type="stmt"/>
        <line num="53" count="1" type="stmt"/>
        <line num="54" count="1" type="stmt"/>
        <line num="55" count="1" type="stmt"/>
        <line num="56" count="1" type="stmt"/>
        <line num="57" count="1" type="stmt"/>
        <line num="58" count="1" type="stmt"/>
        <line num="59" count="1" type="stmt"/>
        <line num="60" count="1" type="stmt"/>
        <line num="61" count="1" type="stmt"/>
        <line num="62" count="1" type="stmt"/>
        <line num="63" count="1" type="stmt"/>
        <line num="64" count="1" type="stmt"/>
        <line num="65" count="1" type="stmt"/>
        <line num="66" count="1" type="stmt"/>
        <line num="67" count="1" type="stmt"/>
        <line num="68" count="1" type="stmt"/>
        <line num="69" count="1" type="stmt"/>
        <line num="70" count="1" type="stmt"/>
        <line num="71" count="1" type="stmt"/>
        <line num="72" count="1" type="stmt"/>
        <line num="73" count="1" type="stmt"/>
        <line num="74" count="1" type="stmt"/>
        <line num="75" count="1" type="stmt"/>
        <line num="76" count="1" type="stmt"/>
      </file>
    </package>
    <package name="Express.middlewares">
      <metrics statements="120" coveredstatements="94" conditionals="25" coveredconditionals="20" methods="4" coveredmethods="4"/>
      <file name="todosMiddlewares.js" path="/home/medatta0/Documents/Codes/Express/middlewares/todosMiddlewares.js">
        <metrics statements="116" coveredstatements="90" conditionals="23" coveredconditionals="19" methods="3" coveredmethods="3"/>
        <line num="1" count="1" type="stmt"/>
        <line num="2" count="1" type="stmt"/>
        <line num="3" count="1" type="cond" truecount="1" falsecount="0"/>
        <line num="4" count="198" type="stmt"/>
        <line num="5" count="198" type="cond" truecount="0" falsecount="1"/>
        <line num="6" count="0" type="stmt"/>
        <line num="7" count="0" type="stmt"/>
        <line num="8" count="0" type="stmt"/>
        <line num="9" count="0" type="stmt"/>
        <line num="10" count="0" type="stmt"/>
        <line num="11" count="0" type="stmt"/>
        <line num="12" count="198" type="stmt"/>
        <line num="13" count="198" type="stmt"/>
        <line num="14" count="198" type="stmt"/>
        <line num="15" count="198" type="stmt"/>
        <line num="16" count="1" type="stmt"/>
        <line num="17" count="1" type="cond" truecount="1" falsecount="0"/>
        <line num="18" count="75" type="stmt"/>
        <line num="19" count="75" type="stmt"/>
        <line num="20" count="75" type="stmt"/>
        <line num="21" count="75" type="stmt"/>
        <line num="22" count="75" type="stmt"/>
        <line num="23" count="75" type="cond" truecount="1" falsecount="0"/>
        <line num="24" count="97" type="stmt"/>
        <line num="25" count="97" type="cond" truecount="1" falsecount="0"/>
        <line num="26" count="30" type="stmt"/>
        <line num="27" count="30" type="stmt"/>
        <line num="28" count="97" type="stmt"/>
        <line num="29" count="75" type="cond" truecount="1" falsecount="0"/>
        <line num="30" count="30" type="stmt"/>
        <line num="31" count="30" type="stmt"/>
        <line num="32" count="30" type="stmt"/>
        <line num="33" count="30" type="stmt"/>
        <line num="34" count="30" type="stmt"/>
        <line num="35" count="30" type="stmt"/>
        <line num="36" count="30" type="stmt"/>
        <line num="37" count="30" type="cond" truecount="1" falsecount="0"/>
        <line num="38" count="45" type="stmt"/>
        <line num="39" count="75" type="cond" truecount="1" falsecount="0"/>
        <line num="40" count="22" type="stmt"/>
        <line num="41" count="22" type="stmt"/>
        <line num="42" count="22" type="cond" truecount="0" falsecount="1"/>
        <line num="43" count="0" type="stmt"/>
        <line num="44" count="0" type="stmt"/>
        <line num="45" count="0" type="stmt"/>
        <line num="46" count="0" type="stmt"/>
        <line num="47" count="0" type="stmt"/>
        <line num="48" count="0" type="stmt"/>
        <line num="49" count="0" type="stmt"/>
        <line num="50" count="0" type="stmt"/>
        <line num="51" count="22" type="cond" truecount="1" falsecount="0"/>
        <line num="52" count="45" type="stmt"/>
        <line num="53" count="75" type="cond" truecount="2" falsecount="0"/>
        <line num="54" count="22" type="stmt"/>
        <line num="55" count="22" type="stmt"/>
        <line num="56" count="22" type="stmt"/>
        <line num="57" count="22" type="stmt"/>
        <line num="58" count="22" type="stmt"/>
        <line num="59" count="75" type="cond" truecount="1" falsecount="0"/>
        <line num="60" count="23" type="stmt"/>
        <line num="61" count="23" type="stmt"/>
        <line num="62" count="75" type="stmt"/>
        <line num="63" count="1" type="stmt"/>
        <line num="64" count="1" type="cond" truecount="1" falsecount="0"/>
        <line num="65" count="144" type="stmt"/>
        <line num="66" count="144" type="stmt"/>
        <line num="67" count="144" type="stmt"/>
        <line num="68" count="144" type="stmt"/>
        <line num="69" count="144" type="stmt"/>
        <line num="70" count="144" type="cond" truecount="1" falsecount="0"/>
        <line num="71" count="432" type="cond" truecount="1" falsecount="0"/>
        <line num="72" count="87" type="stmt"/>
        <line num="73" count="87" type="stmt"/>
        <line num="74" count="432" type="stmt"/>
        <line num="75" count="144" type="cond" truecount="1" falsecount="0"/>
        <line num="76" count="29" type="stmt"/>
        <line num="77" count="29" type="stmt"/>
        <line num="78" count="29" type="stmt"/>
        <line num="79" count="29" type="stmt"/>
        <line num="80" count="29" type="stmt"/>
        <line num="81" count="29" type="stmt"/>
        <line num="82" count="29" type="stmt"/>
        <line num="83" count="29" type="cond" truecount="1" falsecount="0"/>
        <line num="84" count="115" type="stmt"/>
        <line num="85" count="144" type="cond" truecount="1" falsecount="0"/>
        <line num="86" count="47" type="stmt"/>
        <line num="87" count="47" type="stmt"/>
        <line num="88" count="47" type="stmt"/>
        <line num="89" count="47" type="stmt"/>
        <line num="90" count="47" type="stmt"/>
        <line num="91" count="47" type="stmt"/>
        <line num="92" count="47" type="cond" truecount="1" falsecount="0"/>
        <line num="93" count="68" type="stmt"/>
        <line num="94" count="68" type="stmt"/>
        <line num="95" count="68" type="stmt"/>
        <line num="96" count="68" type="stmt"/>
        <line num="97" count="68" type="cond" truecount="0" falsecount="1"/>
        <line num="98" count="0" type="stmt"/>
        <line num="99" count="0" type="stmt"/>
        <line num="100" count="0" type="stmt"/>
        <line num="101" count="0" type="stmt"/>
        <line num="102" count="0" type="stmt"/>
        <line num="103" count="0" type="stmt"/>
        <line num="104" count="0" type="stmt"/>
        <line num="105" count="68" type="stmt"/>
        <line num="106" count="68" type="stmt"/>
        <line num="107" count="144" type="cond" truecount="0" falsecount="1"/>
        <line num="108" count="0" type="stmt"/>
        <line num="109" count="0" type="stmt"/>
        <line num="110" count="0" type="stmt"/>
        <line num="111" count="0" type="stmt"/>
        <line num="112" count="0" type="stmt"/>
        <line num="113" count="144" type="cond" truecount="1" falsecount="0"/>
        <line num="114" count="68" type="stmt"/>
        <line num="115" count="68" type="stmt"/>
        <line num="116" count="144" type="stmt"/>
      </file>
      <file name="usersMiddlewares.js" path="/home/medatta0/Documents/Codes/Express/middlewares/usersMiddlewares.js">
        <metrics statements="4" coveredstatements="4" conditionals="2" coveredconditionals="1" methods="1" coveredmethods="1"/>
        <line num="1" count="1" type="cond" truecount="1" falsecount="0"/>
        <line num="2" count="419" type="stmt"/>
        <line num="3" count="419" type="cond" truecount="0" falsecount="1"/>
        <line num="4" count="419" type="stmt"/>
      </file>
    </package>
    <package name="Express.models">
      <metrics statements="54" coveredstatements="53" conditionals="1" coveredconditionals="1" methods="0" coveredmethods="0"/>
      <file name="mariadbTodosModels.js" path="/home/medatta0/Documents/Codes/Express/models/mariadbTodosModels.js">
        <metrics statements="54" coveredstatements="53" conditionals="1" coveredconditionals="1" methods="0" coveredmethods="0"/>
        <line num="1" count="1" type="stmt"/>
        <line num="2" count="1" type="stmt"/>
        <line num="3" count="1" type="stmt"/>
        <line num="4" count="1" type="stmt"/>
        <line num="5" count="1" type="stmt"/>
        <line num="6" count="1" type="stmt"/>
        <line num="7" count="1" type="stmt"/>
        <line num="8" count="1" type="stmt"/>
        <line num="9" count="1" type="stmt"/>
        <line num="10" count="1" type="stmt"/>
        <line num="11" count="1" type="stmt"/>
        <line num="12" count="1" type="stmt"/>
        <line num="13" count="1" type="stmt"/>
        <line num="14" count="1" type="stmt"/>
        <line num="15" count="1" type="stmt"/>
        <line num="16" count="1" type="stmt"/>
        <line num="17" count="1" type="stmt"/>
        <line num="18" count="1" type="stmt"/>
        <line num="19" count="1" type="stmt"/>
        <line num="20" count="1" type="stmt"/>
        <line num="21" count="1" type="stmt"/>
        <line num="22" count="1" type="stmt"/>
        <line num="23" count="1" type="stmt"/>
        <line num="24" count="1" type="stmt"/>
        <line num="25" count="1" type="stmt"/>
        <line num="26" count="1" type="stmt"/>
        <line num="27" count="1" type="stmt"/>
        <line num="28" count="1" type="stmt"/>
        <line num="29" count="1" type="stmt"/>
        <line num="30" count="1" type="stmt"/>
        <line num="31" count="1" type="stmt"/>
        <line num="32" count="1" type="stmt"/>
        <line num="33" count="1" type="stmt"/>
        <line num="34" count="1" type="stmt"/>
        <line num="35" count="1" type="stmt"/>
        <line num="36" count="1" type="stmt"/>
        <line num="37" count="1" type="stmt"/>
        <line num="38" count="1" type="stmt"/>
        <line num="39" count="1" type="stmt"/>
        <line num="40" count="1" type="stmt"/>
        <line num="41" count="1" type="stmt"/>
        <line num="42" count="1" type="stmt"/>
        <line num="43" count="1" type="stmt"/>
        <line num="44" count="1" type="stmt"/>
        <line num="45" count="1" type="stmt"/>
        <line num="46" count="1" type="stmt"/>
        <line num="47" count="1" type="cond" truecount="1" falsecount="0"/>
        <line num="48" count="1" type="stmt"/>
        <line num="49" count="1" type="stmt"/>
        <line num="50" count="1" type="stmt"/>
        <line num="51" count="0" type="stmt"/>
        <line num="52" count="1" type="stmt"/>
        <line num="53" count="1" type="stmt"/>
        <line num="54" count="1" type="stmt"/>
      </file>
    </package>
    <package name="Express.routes">
      <metrics statements="82" coveredstatements="82" conditionals="0" coveredconditionals="0" methods="0" coveredmethods="0"/>
      <file name="api-docs.js" path="/home/medatta0/Documents/Codes/Express/routes/api-docs.js">
        <metrics statements="12" coveredstatements="12" conditionals="0" coveredconditionals="0" methods="0" coveredmethods="0"/>
        <line num="1" count="1" type="stmt"/>
        <line num="2" count="1" type="stmt"/>
        <line num="3" count="1" type="stmt"/>
        <line num="4" count="1" type="stmt"/>
        <line num="5" count="1" type="stmt"/>
        <line num="6" count="1" type="stmt"/>
        <line num="7" count="1" type="stmt"/>
        <line num="8" count="1" type="stmt"/>
        <line num="9" count="1" type="stmt"/>
        <line num="10" count="1" type="stmt"/>
        <line num="11" count="1" type="stmt"/>
        <line num="12" count="1" type="stmt"/>
      </file>
      <file name="todosRoutes.js" path="/home/medatta0/Documents/Codes/Express/routes/todosRoutes.js">
        <metrics statements="37" coveredstatements="37" conditionals="0" coveredconditionals="0" methods="0" coveredmethods="0"/>
        <line num="1" count="1" type="stmt"/>
        <line num="2" count="1" type="stmt"/>
        <line num="3" count="1" type="stmt"/>
        <line num="4" count="1" type="stmt"/>
        <line num="5" count="1" type="stmt"/>
        <line num="6" count="1" type="stmt"/>
        <line num="7" count="1" type="stmt"/>
        <line num="8" count="1" type="stmt"/>
        <line num="9" count="1" type="stmt"/>
        <line num="10" count="1" type="stmt"/>
        <line num="11" count="1" type="stmt"/>
        <line num="12" count="1" type="stmt"/>
        <line num="13" count="1" type="stmt"/>
        <line num="14" count="1" type="stmt"/>
        <line num="15" count="1" type="stmt"/>
        <line num="16" count="1" type="stmt"/>
        <line num="17" count="1" type="stmt"/>
        <line num="18" count="1" type="stmt"/>
        <line num="19" count="1" type="stmt"/>
        <line num="20" count="1" type="stmt"/>
        <line num="21" count="1" type="stmt"/>
        <line num="22" count="1" type="stmt"/>
        <line num="23" count="1" type="stmt"/>
        <line num="24" count="1" type="stmt"/>
        <line num="25" count="1" type="stmt"/>
        <line num="26" count="1" type="stmt"/>
        <line num="27" count="1" type="stmt"/>
        <line num="28" count="1" type="stmt"/>
        <line num="29" count="1" type="stmt"/>
        <line num="30" count="1" type="stmt"/>
        <line num="31" count="1" type="stmt"/>
        <line num="32" count="1" type="stmt"/>
        <line num="33" count="1" type="stmt"/>
        <line num="34" count="1" type="stmt"/>
        <line num="35" count="1" type="stmt"/>
        <line num="36" count="1" type="stmt"/>
        <line num="37" count="1" type="stmt"/>
      </file>
      <file name="usersRoutes.js" path="/home/medatta0/Documents/Codes/Express/routes/usersRoutes.js">
        <metrics statements="33" coveredstatements="33" conditionals="0" coveredconditionals="0" methods="0" coveredmethods="0"/>
        <line num="1" count="1" type="stmt"/>
        <line num="2" count="1" type="stmt"/>
        <line num="3" count="1" type="stmt"/>
        <line num="4" count="1" type="stmt"/>
        <line num="5" count="1" type="stmt"/>
        <line num="6" count="1" type="stmt"/>
        <line num="7" count="1" type="stmt"/>
        <line num="8" count="1" type="stmt"/>
        <line num="9" count="1" type="stmt"/>
        <line num="10" count="1" type="stmt"/>
        <line num="11" count="1" type="stmt"/>
        <line num="12" count="1" type="stmt"/>
        <line num="13" count="1" type="stmt"/>
        <line num="14" count="1" type="stmt"/>
        <line num="15" count="1" type="stmt"/>
        <line num="16" count="1" type="stmt"/>
        <line num="17" count="1" type="stmt"/>
        <line num="18" count="1" type="stmt"/>
        <line num="19" count="1" type="stmt"/>
        <line num="20" count="1" type="stmt"/>
        <line num="21" count="1" type="stmt"/>
        <line num="22" count="1" type="stmt"/>
        <line num="23" count="1" type="stmt"/>
        <line num="24" count="1" type="stmt"/>
        <line num="25" count="1" type="stmt"/>
        <line num="26" count="1" type="stmt"/>
        <line num="27" count="1" type="stmt"/>
        <line num="28" count="1" type="stmt"/>
        <line num="29" count="1" type="stmt"/>
        <line num="30" count="1" type="stmt"/>
        <line num="31" count="1" type="stmt"/>
        <line num="32" count="1" type="stmt"/>
        <line num="33" count="1" type="stmt"/>
      </file>
    </package>
    <package name="Express.utilities">
      <metrics statements="36" coveredstatements="36" conditionals="1" coveredconditionals="1" methods="0" coveredmethods="0"/>
      <file name="logger.js" path="/home/medatta0/Documents/Codes/Express/utilities/logger.js">
        <metrics statements="36" coveredstatements="36" conditionals="1" coveredconditionals="1" methods="0" coveredmethods="0"/>
        <line num="1" count="1" type="stmt"/>
        <line num="2" count="1" type="stmt"/>
        <line num="3" count="1" type="stmt"/>
        <line num="4" count="1" type="stmt"/>
        <line num="5" count="1" type="stmt"/>
        <line num="6" count="1" type="stmt"/>
        <line num="7" count="1" type="stmt"/>
        <line num="8" count="1" type="stmt"/>
        <line num="9" count="1" type="cond" truecount="1" falsecount="0"/>
        <line num="10" count="419" type="stmt"/>
        <line num="11" count="419" type="stmt"/>
        <line num="12" count="419" type="stmt"/>
        <line num="13" count="419" type="stmt"/>
        <line num="14" count="419" type="stmt"/>
        <line num="15" count="419" type="stmt"/>
        <line num="16" count="419" type="stmt"/>
        <line num="17" count="419" type="stmt"/>
        <line num="18" count="419" type="stmt"/>
        <line num="19" count="419" type="stmt"/>
        <line num="20" count="419" type="stmt"/>
        <line num="21" count="419" type="stmt"/>
        <line num="22" count="419" type="stmt"/>
        <line num="23" count="419" type="stmt"/>
        <line num="24" count="419" type="stmt"/>
        <line num="25" count="419" type="stmt"/>
        <line num="26" count="419" type="stmt"/>
        <line num="27" count="1" type="stmt"/>
        <line num="28" count="1" type="stmt"/>
        <line num="29" count="1" type="stmt"/>
        <line num="30" count="1" type="stmt"/>
        <line num="31" count="1" type="stmt"/>
        <line num="32" count="1" type="stmt"/>
        <line num="33" count="1" type="stmt"/>
        <line num="34" count="1" type="stmt"/>
        <line num="35" count="1" type="stmt"/>
        <line num="36" count="1" type="stmt"/>
      </file>
    </package>
  </project>
</coverage>
