TN:
SF:index.js
FNF:0
FNH:0
DA:1,1
DA:2,1
DA:3,1
DA:4,1
DA:5,1
DA:6,1
DA:7,1
DA:8,1
DA:9,1
DA:10,1
DA:11,1
DA:12,1
DA:13,1
DA:14,1
DA:15,0
DA:16,1
DA:17,1
DA:18,1
DA:19,1
DA:20,0
DA:21,0
DA:22,1
DA:23,1
DA:24,1
DA:25,1
LF:25
LH:22
BRDA:18,0,0,1
BRDA:19,1,0,0
BRF:2
BRH:1
end_of_record
TN:
SF:controllers/todosController.js
FN:4,getAllTodos
FN:33,getTodos
FN:62,getTodo
FN:92,createTodo
FN:121,updateTodo
FN:159,deleteTodo
FNF:6
FNH:6
FNDA:1,getAllTodos
FNDA:1,getTodos
FNDA:99,getTodo
FNDA:23,createTodo
FNDA:68,updateTodo
FNDA:99,deleteTodo
DA:1,1
DA:2,1
DA:3,1
DA:4,1
DA:5,1
DA:6,1
DA:7,1
DA:8,1
DA:9,1
DA:10,1
DA:11,1
DA:12,0
DA:13,0
DA:14,0
DA:15,0
DA:16,0
DA:17,1
DA:18,1
DA:19,1
DA:20,1
DA:21,1
DA:22,1
DA:23,1
DA:24,1
DA:25,0
DA:26,0
DA:27,0
DA:28,0
DA:29,0
DA:30,0
DA:31,1
DA:32,1
DA:33,1
DA:34,1
DA:35,1
DA:36,1
DA:37,1
DA:38,1
DA:39,1
DA:40,0
DA:41,0
DA:42,0
DA:43,0
DA:44,0
DA:45,1
DA:46,1
DA:47,1
DA:48,1
DA:49,1
DA:50,1
DA:51,1
DA:52,1
DA:53,1
DA:54,0
DA:55,0
DA:56,0
DA:57,0
DA:58,0
DA:59,0
DA:60,1
DA:61,1
DA:62,1
DA:63,99
DA:64,99
DA:65,99
DA:66,99
DA:67,99
DA:68,72
DA:69,72
DA:70,72
DA:71,72
DA:72,72
DA:73,99
DA:74,27
DA:75,27
DA:76,27
DA:77,27
DA:78,27
DA:79,27
DA:80,27
DA:81,27
DA:82,27
DA:83,99
DA:84,0
DA:85,0
DA:86,0
DA:87,0
DA:88,0
DA:89,0
DA:90,99
DA:91,1
DA:92,1
DA:93,23
DA:94,23
DA:95,23
DA:96,23
DA:97,23
DA:98,23
DA:99,23
DA:100,23
DA:101,23
DA:102,23
DA:103,23
DA:104,23
DA:105,23
DA:106,23
DA:107,23
DA:108,23
DA:109,23
DA:110,23
DA:111,23
DA:112,23
DA:113,0
DA:114,0
DA:115,0
DA:116,0
DA:117,0
DA:118,0
DA:119,23
DA:120,1
DA:121,1
DA:122,68
DA:123,68
DA:124,68
DA:125,68
DA:126,68
DA:127,68
DA:128,68
DA:129,51
DA:130,51
DA:131,51
DA:132,51
DA:133,51
DA:134,51
DA:135,68
DA:136,17
DA:137,17
DA:138,17
DA:139,17
DA:140,17
DA:141,17
DA:142,17
DA:143,17
DA:144,17
DA:145,17
DA:146,17
DA:147,17
DA:148,17
DA:149,17
DA:150,68
DA:151,0
DA:152,0
DA:153,0
DA:154,0
DA:155,0
DA:156,0
DA:157,68
DA:158,1
DA:159,1
DA:160,99
DA:161,99
DA:162,99
DA:163,99
DA:164,99
DA:165,72
DA:166,72
DA:167,72
DA:168,72
DA:169,72
DA:170,72
DA:171,99
DA:172,27
DA:173,27
DA:174,27
DA:175,27
DA:176,27
DA:177,27
DA:178,27
DA:179,27
DA:180,27
DA:181,99
DA:182,0
DA:183,0
DA:184,0
DA:185,0
DA:186,0
DA:187,0
DA:188,99
LF:188
LH:142
BRDA:4,0,0,1
BRDA:11,1,0,0
BRDA:24,2,0,0
BRDA:33,3,0,1
BRDA:39,4,0,0
BRDA:53,5,0,0
BRDA:62,6,0,99
BRDA:67,7,0,72
BRDA:73,8,0,27
BRDA:83,9,0,0
BRDA:92,10,0,23
BRDA:112,11,0,0
BRDA:121,12,0,68
BRDA:128,13,0,51
BRDA:135,14,0,17
BRDA:150,15,0,0
BRDA:159,16,0,99
BRDA:164,17,0,72
BRDA:171,18,0,27
BRDA:181,19,0,0
BRF:20
BRH:12
end_of_record
TN:
SF:db/db_connect.js
FNF:0
FNH:0
DA:1,1
DA:2,1
DA:3,1
DA:4,1
DA:5,1
DA:6,1
DA:7,1
DA:8,1
DA:9,1
DA:10,1
DA:11,1
DA:12,1
DA:13,1
DA:14,1
DA:15,1
DA:16,1
DA:17,1
DA:18,1
DA:19,1
DA:20,1
DA:21,1
DA:22,1
DA:23,1
DA:24,1
DA:25,1
DA:26,1
DA:27,1
DA:28,1
DA:29,1
DA:30,1
DA:31,1
DA:32,1
DA:33,1
DA:34,1
DA:35,1
DA:36,1
DA:37,1
DA:38,1
DA:39,1
DA:40,1
DA:41,1
DA:42,1
DA:43,1
DA:44,1
DA:45,1
DA:46,1
DA:47,1
DA:48,1
DA:49,1
DA:50,1
DA:51,1
DA:52,1
DA:53,1
DA:54,1
DA:55,1
DA:56,1
DA:57,1
DA:58,1
DA:59,1
DA:60,1
DA:61,1
DA:62,1
DA:63,1
DA:64,1
DA:65,1
DA:66,1
DA:67,1
DA:68,1
DA:69,1
DA:70,1
DA:71,1
DA:72,1
DA:73,1
DA:74,1
DA:75,1
DA:76,1
LF:76
LH:76
BRF:0
BRH:0
end_of_record
TN:
SF:middlewares/todosMiddlewares.js
FN:3,checkId
FN:17,checkCreateParams
FN:64,checkUpdateParams
FNF:3
FNH:3
FNDA:198,checkId
FNDA:75,checkCreateParams
FNDA:144,checkUpdateParams
DA:1,1
DA:2,1
DA:3,1
DA:4,198
DA:5,198
DA:6,0
DA:7,0
DA:8,0
DA:9,0
DA:10,0
DA:11,0
DA:12,198
DA:13,198
DA:14,198
DA:15,198
DA:16,1
DA:17,1
DA:18,75
DA:19,75
DA:20,75
DA:21,75
DA:22,75
DA:23,75
DA:24,97
DA:25,97
DA:26,30
DA:27,30
DA:28,97
DA:29,75
DA:30,30
DA:31,30
DA:32,30
DA:33,30
DA:34,30
DA:35,30
DA:36,30
DA:37,30
DA:38,45
DA:39,75
DA:40,22
DA:41,22
DA:42,22
DA:43,0
DA:44,0
DA:45,0
DA:46,0
DA:47,0
DA:48,0
DA:49,0
DA:50,0
DA:51,22
DA:52,45
DA:53,75
DA:54,22
DA:55,22
DA:56,22
DA:57,22
DA:58,22
DA:59,75
DA:60,23
DA:61,23
DA:62,75
DA:63,1
DA:64,1
DA:65,144
DA:66,144
DA:67,144
DA:68,144
DA:69,144
DA:70,144
DA:71,432
DA:72,87
DA:73,87
DA:74,432
DA:75,144
DA:76,29
DA:77,29
DA:78,29
DA:79,29
DA:80,29
DA:81,29
DA:82,29
DA:83,29
DA:84,115
DA:85,144
DA:86,47
DA:87,47
DA:88,47
DA:89,47
DA:90,47
DA:91,47
DA:92,47
DA:93,68
DA:94,68
DA:95,68
DA:96,68
DA:97,68
DA:98,0
DA:99,0
DA:100,0
DA:101,0
DA:102,0
DA:103,0
DA:104,0
DA:105,68
DA:106,68
DA:107,144
DA:108,0
DA:109,0
DA:110,0
DA:111,0
DA:112,0
DA:113,144
DA:114,68
DA:115,68
DA:116,144
LF:116
LH:90
BRDA:3,0,0,198
BRDA:5,1,0,0
BRDA:17,2,0,75
BRDA:23,3,0,97
BRDA:25,4,0,30
BRDA:29,5,0,30
BRDA:37,6,0,45
BRDA:39,7,0,22
BRDA:42,8,0,0
BRDA:51,9,0,45
BRDA:53,10,0,23
BRDA:53,11,0,22
BRDA:59,12,0,23
BRDA:64,13,0,144
BRDA:70,14,0,432
BRDA:71,15,0,87
BRDA:75,16,0,29
BRDA:83,17,0,115
BRDA:85,18,0,47
BRDA:92,19,0,68
BRDA:97,20,0,0
BRDA:107,21,0,0
BRDA:113,22,0,68
BRF:23
BRH:19
end_of_record
TN:
SF:middlewares/usersMiddlewares.js
FN:1,checkId
FNF:1
FNH:1
FNDA:419,checkId
DA:1,1
DA:2,419
DA:3,419
DA:4,419
LF:4
LH:4
BRDA:1,0,0,419
BRDA:3,1,0,0
BRF:2
BRH:1
end_of_record
TN:
SF:models/mariadbTodosModels.js
FNF:0
FNH:0
DA:1,1
DA:2,1
DA:3,1
DA:4,1
DA:5,1
DA:6,1
DA:7,1
DA:8,1
DA:9,1
DA:10,1
DA:11,1
DA:12,1
DA:13,1
DA:14,1
DA:15,1
DA:16,1
DA:17,1
DA:18,1
DA:19,1
DA:20,1
DA:21,1
DA:22,1
DA:23,1
DA:24,1
DA:25,1
DA:26,1
DA:27,1
DA:28,1
DA:29,1
DA:30,1
DA:31,1
DA:32,1
DA:33,1
DA:34,1
DA:35,1
DA:36,1
DA:37,1
DA:38,1
DA:39,1
DA:40,1
DA:41,1
DA:42,1
DA:43,1
DA:44,1
DA:45,1
DA:46,1
DA:47,1
DA:48,1
DA:49,1
DA:50,1
DA:51,0
DA:52,1
DA:53,1
DA:54,1
LF:54
LH:53
BRDA:47,0,0,1
BRF:1
BRH:1
end_of_record
TN:
SF:routes/api-docs.js
FNF:0
FNH:0
DA:1,1
DA:2,1
DA:3,1
DA:4,1
DA:5,1
DA:6,1
DA:7,1
DA:8,1
DA:9,1
DA:10,1
DA:11,1
DA:12,1
LF:12
LH:12
BRF:0
BRH:0
end_of_record
TN:
SF:routes/todosRoutes.js
FNF:0
FNH:0
DA:1,1
DA:2,1
DA:3,1
DA:4,1
DA:5,1
DA:6,1
DA:7,1
DA:8,1
DA:9,1
DA:10,1
DA:11,1
DA:12,1
DA:13,1
DA:14,1
DA:15,1
DA:16,1
DA:17,1
DA:18,1
DA:19,1
DA:20,1
DA:21,1
DA:22,1
DA:23,1
DA:24,1
DA:25,1
DA:26,1
DA:27,1
DA:28,1
DA:29,1
DA:30,1
DA:31,1
DA:32,1
DA:33,1
DA:34,1
DA:35,1
DA:36,1
DA:37,1
LF:37
LH:37
BRF:0
BRH:0
end_of_record
TN:
SF:routes/usersRoutes.js
FNF:0
FNH:0
DA:1,1
DA:2,1
DA:3,1
DA:4,1
DA:5,1
DA:6,1
DA:7,1
DA:8,1
DA:9,1
DA:10,1
DA:11,1
DA:12,1
DA:13,1
DA:14,1
DA:15,1
DA:16,1
DA:17,1
DA:18,1
DA:19,1
DA:20,1
DA:21,1
DA:22,1
DA:23,1
DA:24,1
DA:25,1
DA:26,1
DA:27,1
DA:28,1
DA:29,1
DA:30,1
DA:31,1
DA:32,1
DA:33,1
LF:33
LH:33
BRF:0
BRH:0
end_of_record
TN:
SF:utilities/logger.js
FNF:0
FNH:0
DA:1,1
DA:2,1
DA:3,1
DA:4,1
DA:5,1
DA:6,1
DA:7,1
DA:8,1
DA:9,1
DA:10,419
DA:11,419
DA:12,419
DA:13,419
DA:14,419
DA:15,419
DA:16,419
DA:17,419
DA:18,419
DA:19,419
DA:20,419
DA:21,419
DA:22,419
DA:23,419
DA:24,419
DA:25,419
DA:26,419
DA:27,1
DA:28,1
DA:29,1
DA:30,1
DA:31,1
DA:32,1
DA:33,1
DA:34,1
DA:35,1
DA:36,1
LF:36
LH:36
BRDA:9,0,0,419
BRF:1
BRH:1
end_of_record
